{
  "RSpec": {
    "coverage": {
      "/Users/kathicks/Dropbox/Makers Academy - Main Course/Week 1/boris-bikes/spec/bike_spec.rb": [
        1,
        null,
        1,
        1,
        1,
        null,
        null
      ],
      "/Users/kathicks/Dropbox/Makers Academy - Main Course/Week 1/boris-bikes/lib/bike.rb": [
        1,
        1,
        1,
        null,
        null
      ],
      "/Users/kathicks/Dropbox/Makers Academy - Main Course/Week 1/boris-bikes/spec/docking-station_spec.rb": [
        1,
        null,
        null,
        1,
        null,
        1,
        1,
        null,
        null,
        1,
        1,
        1,
        1,
        null,
        1,
        1,
        1,
        null,
        null,
        1,
        1,
        1,
        1,
        null,
        null,
        1,
        1,
        null,
        null,
        1,
        2,
        null,
        null,
        1,
        21,
        2,
        null,
        null,
        1,
        1,
        null,
        null,
        1,
        1,
        1,
        null,
        null,
        null
      ],
      "/Users/kathicks/Dropbox/Makers Academy - Main Course/Week 1/boris-bikes/lib/docking-station.rb": [
        1,
        1,
        null,
        1,
        8,
        8,
        null,
        null,
        1,
        3,
        2,
        null,
        null,
        1,
        24,
        23,
        23,
        null,
        null,
        null,
        1,
        0,
        null,
        null,
        1,
        null,
        1,
        null,
        1,
        3,
        null,
        null,
        1,
        24,
        null,
        null,
        null
      ]
    },
    "timestamp": 1489620281
  }
}
